2021-03-22 12:38:44,078 [INFO] Activator:170 - 


2021-03-22 12:38:44,078 [INFO] Activator:171 - !SESSION log4j initialized
2021-03-22 15:18:56,632 [ERROR] LogOutputStream:74 - [STDERR_REDIRECT] Exception in thread "SWV client thread" java.lang.NullPointerException
2021-03-22 15:18:56,633 [ERROR] LogOutputStream:74 - [STDERR_REDIRECT] 	at com.st.stm32cube.ide.mcu.debug.swv.core.SWVPlugin.debugTrace(SWVPlugin.java:85)
2021-03-22 15:18:56,635 [ERROR] LogOutputStream:74 - [STDERR_REDIRECT] 	at com.st.stm32cube.ide.mcu.debug.swv.core.SWVClient.TRACE(SWVClient.java:810)
2021-03-22 15:18:56,637 [ERROR] LogOutputStream:74 - [STDERR_REDIRECT] 	at com.st.stm32cube.ide.mcu.debug.swv.core.SWVClient.readByte(SWVClient.java:312)
2021-03-22 15:18:56,638 [ERROR] LogOutputStream:74 - [STDERR_REDIRECT] 	at com.st.stm32cube.ide.mcu.debug.swv.core.SWVClient.getNextByte(SWVClient.java:292)
2021-03-22 15:18:56,640 [ERROR] LogOutputStream:74 - [STDERR_REDIRECT] 	at com.st.stm32cube.ide.mcu.debug.swv.core.SWVClient.run(SWVClient.java:337)
2021-03-22 15:20:24,653 [INFO] Activator:170 - 


2021-03-22 15:20:24,654 [INFO] Activator:171 - !SESSION log4j initialized
2021-03-22 15:20:49,324 [INFO] RetryExec:97 - I/O exception (org.apache.http.NoHttpResponseException) caught when processing request to {s}->https://sw-center.st.com:443: The target server failed to respond
2021-03-22 15:20:49,326 [INFO] RetryExec:113 - Retrying request to {s}->https://sw-center.st.com:443
2021-03-22 15:20:49,536 [INFO] RetryExec:97 - I/O exception (org.apache.http.NoHttpResponseException) caught when processing request to {s}->https://sw-center.st.com:443: The target server failed to respond
2021-03-22 15:20:49,537 [INFO] RetryExec:113 - Retrying request to {s}->https://sw-center.st.com:443
2021-03-23 13:07:33,536 [INFO] Activator:170 - 


2021-03-23 13:07:33,538 [INFO] Activator:171 - !SESSION log4j initialized
2021-03-23 13:20:36,311 [ERROR] LogOutputStream:74 - [STDERR_REDIRECT] Managed Build system manifest file error: Option com.st.stm32cube.ide.mcu.option.internal.toolchain.type.1576359834.490189882 uses a null category that is invalid in its context. The option was ignored.
2021-03-23 13:20:36,316 [ERROR] LogOutputStream:74 - [STDERR_REDIRECT] Managed Build system manifest file error: Option com.st.stm32cube.ide.mcu.option.internal.toolchain.version.2030519206.663429201 uses a null category that is invalid in its context. The option was ignored.
2021-03-23 13:20:36,320 [ERROR] LogOutputStream:74 - [STDERR_REDIRECT] Managed Build system manifest file error: Option com.st.stm32cube.ide.mcu.gnu.managedbuild.option.target_mcu.2020844073.1431305879 uses a null category that is invalid in its context. The option was ignored.
2021-03-23 13:20:36,324 [ERROR] LogOutputStream:74 - [STDERR_REDIRECT] Managed Build system manifest file error: Option com.st.stm32cube.ide.mcu.gnu.managedbuild.option.target_cpuid.1269873750.1023466535 uses a null category that is invalid in its context. The option was ignored.
2021-03-23 13:20:36,329 [ERROR] LogOutputStream:74 - [STDERR_REDIRECT] Managed Build system manifest file error: Option com.st.stm32cube.ide.mcu.gnu.managedbuild.option.target_coreid.1338166477.2077486421 uses a null category that is invalid in its context. The option was ignored.
2021-03-23 13:20:36,333 [ERROR] LogOutputStream:74 - [STDERR_REDIRECT] Managed Build system manifest file error: Option com.st.stm32cube.ide.mcu.gnu.managedbuild.option.fpu.866300004.269900400 uses a null category that is invalid in its context. The option was ignored.
2021-03-23 13:20:36,337 [ERROR] LogOutputStream:74 - [STDERR_REDIRECT] Managed Build system manifest file error: Option com.st.stm32cube.ide.mcu.gnu.managedbuild.option.floatabi.603383812.395372684 uses a null category that is invalid in its context. The option was ignored.
2021-03-23 13:20:36,341 [ERROR] LogOutputStream:74 - [STDERR_REDIRECT] Managed Build system manifest file error: Option com.st.stm32cube.ide.mcu.gnu.managedbuild.option.target_board.247057979.25595319 uses a null category that is invalid in its context. The option was ignored.
2021-03-23 13:20:36,345 [ERROR] LogOutputStream:74 - [STDERR_REDIRECT] Managed Build system manifest file error: Option com.st.stm32cube.ide.mcu.gnu.managedbuild.option.defaults.2028001093.1195270497 uses a null category that is invalid in its context. The option was ignored.
2021-03-23 13:20:36,349 [ERROR] LogOutputStream:74 - [STDERR_REDIRECT] Managed Build system manifest file error: Option com.st.stm32cube.ide.mcu.option.internal.toolchain.type.1576359834.888571402 uses a null category that is invalid in its context. The option was ignored.
2021-03-23 13:20:36,353 [ERROR] LogOutputStream:74 - [STDERR_REDIRECT] Managed Build system manifest file error: Option com.st.stm32cube.ide.mcu.option.internal.toolchain.version.2030519206.1671324420 uses a null category that is invalid in its context. The option was ignored.
2021-03-23 13:20:36,357 [ERROR] LogOutputStream:74 - [STDERR_REDIRECT] Managed Build system manifest file error: Option com.st.stm32cube.ide.mcu.gnu.managedbuild.option.target_mcu.2020844073.504273089 uses a null category that is invalid in its context. The option was ignored.
2021-03-23 13:20:36,361 [ERROR] LogOutputStream:74 - [STDERR_REDIRECT] Managed Build system manifest file error: Option com.st.stm32cube.ide.mcu.gnu.managedbuild.option.target_cpuid.1269873750.1057871835 uses a null category that is invalid in its context. The option was ignored.
2021-03-23 13:20:36,365 [ERROR] LogOutputStream:74 - [STDERR_REDIRECT] Managed Build system manifest file error: Option com.st.stm32cube.ide.mcu.gnu.managedbuild.option.target_coreid.1338166477.601190779 uses a null category that is invalid in its context. The option was ignored.
2021-03-23 13:20:36,369 [ERROR] LogOutputStream:74 - [STDERR_REDIRECT] Managed Build system manifest file error: Option com.st.stm32cube.ide.mcu.gnu.managedbuild.option.fpu.866300004.1884237743 uses a null category that is invalid in its context. The option was ignored.
2021-03-23 13:20:36,372 [ERROR] LogOutputStream:74 - [STDERR_REDIRECT] Managed Build system manifest file error: Option com.st.stm32cube.ide.mcu.gnu.managedbuild.option.floatabi.603383812.1468293864 uses a null category that is invalid in its context. The option was ignored.
2021-03-23 13:20:36,376 [ERROR] LogOutputStream:74 - [STDERR_REDIRECT] Managed Build system manifest file error: Option com.st.stm32cube.ide.mcu.gnu.managedbuild.option.target_board.247057979.1536785459 uses a null category that is invalid in its context. The option was ignored.
2021-03-23 13:20:36,380 [ERROR] LogOutputStream:74 - [STDERR_REDIRECT] Managed Build system manifest file error: Option com.st.stm32cube.ide.mcu.gnu.managedbuild.option.defaults.2028001093.993929138 uses a null category that is invalid in its context. The option was ignored.
2021-03-23 14:51:30,152 [INFO] Activator:170 - 


2021-03-23 14:51:30,154 [INFO] Activator:171 - !SESSION log4j initialized
