2021-03-18 13:55:27,020 [INFO] Activator:170 - 


2021-03-18 13:55:27,022 [INFO] Activator:171 - !SESSION log4j initialized
2021-03-18 13:58:24,434 [INFO] Activator:170 - 


2021-03-18 13:58:24,436 [INFO] Activator:171 - !SESSION log4j initialized
2021-03-18 14:01:17,720 [INFO] RetryExec:97 - I/O exception (org.apache.http.NoHttpResponseException) caught when processing request to {s}->https://sw-center.st.com:443: The target server failed to respond
2021-03-18 14:01:17,722 [INFO] RetryExec:113 - Retrying request to {s}->https://sw-center.st.com:443
2021-03-18 14:02:26,655 [INFO] McuFinderGlobals:39 - Set McuFinder mode to 2 (CubeIDE integrated)
2021-03-18 14:02:26,813 [INFO] ApplicationProperties:181 - Using Application install path: C:\ST\STM32CubeIDE_1.6.0\STM32CubeIDE\plugins\com.st.stm32cube.common.mx_6.2.0.202102191602
2021-03-18 14:02:26,826 [INFO] DbMcusXml:74 - Set database path to: C:\ST\STM32CubeIDE_1.6.0\STM32CubeIDE\plugins\com.st.stm32cube.common.mx_6.2.0.202102191602\\db\/mcu/
2021-03-18 14:02:26,830 [INFO] DbBoardsPdsc:56 - Set plugin database path to: C:\ST\STM32CubeIDE_1.6.0\STM32CubeIDE\plugins\com.st.stm32cube.common.mx_6.2.0.202102191602\\db\/plugins/boardmanager/
2021-03-18 14:02:26,831 [INFO] DbMcus:258 - Set plugin images path to: C:\ST\STM32CubeIDE_1.6.0\STM32CubeIDE\plugins\com.st.stm32cube.common.mx_6.2.0.202102191602\\db\/plugins/mcufinder/images/
2021-03-18 14:02:26,831 [INFO] DbBoards:264 - Set plugin images path to: C:\ST\STM32CubeIDE_1.6.0\STM32CubeIDE\plugins\com.st.stm32cube.common.mx_6.2.0.202102191602\\db\/plugins/mcufinder/images/
2021-03-18 14:02:26,834 [INFO] DbExamples:333 - Set plugin images path to: C:\ST\STM32CubeIDE_1.6.0\STM32CubeIDE\plugins\com.st.stm32cube.common.mx_6.2.0.202102191602\\db\/plugins/mcufinder/images/
2021-03-18 14:02:28,055 [WARN] ApiFinderProperties:104 - C:\Users\Usewr\.stmcufinder\plugins\mcufinder\mcu\mcuFinder.mfd doesn't exist
2021-03-18 14:02:28,056 [INFO] DbMcusAds:85 - Set database path to: C:\Users\Usewr\.stmcufinder\plugins\mcufinder//mcu/
2021-03-18 14:02:28,058 [INFO] DbMcusDocs:110 - Set database path to: C:\Users\Usewr\.stmcufinder\plugins\mcufinder//mcu/
2021-03-18 14:02:28,060 [INFO] DbMcusJson:65 - Set database path to: C:\Users\Usewr\.stmcufinder\plugins\mcufinder//mcu/
2021-03-18 14:02:28,061 [INFO] DbBoardsDocs:110 - Set database path to: C:\Users\Usewr\.stmcufinder\plugins\mcufinder//mcu/
2021-03-18 14:02:28,063 [INFO] DbBoardsJson:58 - Set database path to: C:\Users\Usewr\.stmcufinder\plugins\mcufinder//mcu/
2021-03-18 14:02:28,068 [INFO] CrossReferenceDbSqlite:196 - Set database path to: C:\Users\Usewr\.stmcufinder\plugins\mcufinder//mcu/cs/
2021-03-18 14:02:28,071 [INFO] DbExamplesSqlite:690 - Set database path to: C:\Users\Usewr\.stmcufinder\plugins\mcufinder//mcu/
2021-03-18 14:02:28,204 [INFO] RulesReader:52 - Compatibility file has been processed (237 Rules)
2021-03-18 14:02:28,290 [INFO] MicroXplorer:622 - Detected Java Version = 11.0.9.1
2021-03-18 14:02:28,290 [INFO] DbMcusXml:74 - Set database path to: C:\ST\STM32CubeIDE_1.6.0\STM32CubeIDE\plugins\com.st.stm32cube.common.mx_6.2.0.202102191602\\db\/mcu/
2021-03-18 14:02:28,290 [INFO] DbBoardsPdsc:56 - Set plugin database path to: C:\ST\STM32CubeIDE_1.6.0\STM32CubeIDE\plugins\com.st.stm32cube.common.mx_6.2.0.202102191602\\db\/plugins/boardmanager/
2021-03-18 14:02:28,291 [INFO] DbMcus:258 - Set plugin images path to: C:\ST\STM32CubeIDE_1.6.0\STM32CubeIDE\plugins\com.st.stm32cube.common.mx_6.2.0.202102191602\\db\/plugins/mcufinder/images/
2021-03-18 14:02:28,291 [INFO] DbBoards:264 - Set plugin images path to: C:\ST\STM32CubeIDE_1.6.0\STM32CubeIDE\plugins\com.st.stm32cube.common.mx_6.2.0.202102191602\\db\/plugins/mcufinder/images/
2021-03-18 14:02:28,291 [INFO] DbExamples:333 - Set plugin images path to: C:\ST\STM32CubeIDE_1.6.0\STM32CubeIDE\plugins\com.st.stm32cube.common.mx_6.2.0.202102191602\\db\/plugins/mcufinder/images/
2021-03-18 14:02:28,291 [WARN] DbFile:35 - Overriding database path with different value: C:\Users\Usewr\.stmcufinder\plugins\mcufinder/ => C:\Users\Usewr\.stmcufinder\plugins\mcufinder
2021-03-18 14:02:28,291 [INFO] DbMcusAds:85 - Set database path to: C:\Users\Usewr\.stmcufinder\plugins\mcufinder//mcu/
2021-03-18 14:02:28,291 [WARN] DbFile:35 - Overriding database path with different value: C:\Users\Usewr\.stmcufinder\plugins\mcufinder/ => C:\Users\Usewr\.stmcufinder\plugins\mcufinder
2021-03-18 14:02:28,292 [INFO] DbMcusDocs:110 - Set database path to: C:\Users\Usewr\.stmcufinder\plugins\mcufinder//mcu/
2021-03-18 14:02:28,292 [WARN] DbFile:35 - Overriding database path with different value: C:\Users\Usewr\.stmcufinder\plugins\mcufinder/ => C:\Users\Usewr\.stmcufinder\plugins\mcufinder
2021-03-18 14:02:28,292 [INFO] DbMcusJson:65 - Set database path to: C:\Users\Usewr\.stmcufinder\plugins\mcufinder//mcu/
2021-03-18 14:02:28,292 [WARN] DbFile:35 - Overriding database path with different value: C:\Users\Usewr\.stmcufinder\plugins\mcufinder/ => C:\Users\Usewr\.stmcufinder\plugins\mcufinder
2021-03-18 14:02:28,292 [INFO] DbBoardsDocs:110 - Set database path to: C:\Users\Usewr\.stmcufinder\plugins\mcufinder//mcu/
2021-03-18 14:02:28,292 [WARN] DbFile:35 - Overriding database path with different value: C:\Users\Usewr\.stmcufinder\plugins\mcufinder/ => C:\Users\Usewr\.stmcufinder\plugins\mcufinder
2021-03-18 14:02:28,292 [INFO] DbBoardsJson:58 - Set database path to: C:\Users\Usewr\.stmcufinder\plugins\mcufinder//mcu/
2021-03-18 14:02:28,292 [WARN] DbFile:35 - Overriding database path with different value: C:\Users\Usewr\.stmcufinder\plugins\mcufinder/ => C:\Users\Usewr\.stmcufinder\plugins\mcufinder
2021-03-18 14:02:28,293 [WARN] DbFile:35 - Overriding database path with different value: C:\Users\Usewr\.stmcufinder\plugins\mcufinder/ => C:\Users\Usewr\.stmcufinder\plugins\mcufinder
2021-03-18 14:02:28,293 [INFO] CrossReferenceDbSqlite:196 - Set database path to: C:\Users\Usewr\.stmcufinder\plugins\mcufinder//mcu/cs/
2021-03-18 14:02:28,293 [WARN] DbFile:35 - Overriding database path with different value: C:\Users\Usewr\.stmcufinder\plugins\mcufinder/ => C:\Users\Usewr\.stmcufinder\plugins\mcufinder
2021-03-18 14:02:28,293 [INFO] DbExamplesSqlite:690 - Set database path to: C:\Users\Usewr\.stmcufinder\plugins\mcufinder//mcu/
2021-03-18 14:02:28,347 [INFO] MainPanel:204 - HeapMemory: 343932928
2021-03-18 14:02:28,408 [INFO] DbMcusXml:74 - Set database path to: C:\ST\STM32CubeIDE_1.6.0\STM32CubeIDE\plugins\com.st.stm32cube.common.mx_6.2.0.202102191602\\db\/mcu/
2021-03-18 14:02:28,409 [INFO] DbBoardsPdsc:56 - Set plugin database path to: C:\ST\STM32CubeIDE_1.6.0\STM32CubeIDE\plugins\com.st.stm32cube.common.mx_6.2.0.202102191602\\db\/plugins/boardmanager/
2021-03-18 14:02:28,409 [INFO] DbMcus:258 - Set plugin images path to: C:\ST\STM32CubeIDE_1.6.0\STM32CubeIDE\plugins\com.st.stm32cube.common.mx_6.2.0.202102191602\\db\/plugins/mcufinder/images/
2021-03-18 14:02:28,409 [INFO] DbBoards:264 - Set plugin images path to: C:\ST\STM32CubeIDE_1.6.0\STM32CubeIDE\plugins\com.st.stm32cube.common.mx_6.2.0.202102191602\\db\/plugins/mcufinder/images/
2021-03-18 14:02:28,409 [INFO] DbExamples:333 - Set plugin images path to: C:\ST\STM32CubeIDE_1.6.0\STM32CubeIDE\plugins\com.st.stm32cube.common.mx_6.2.0.202102191602\\db\/plugins/mcufinder/images/
2021-03-18 14:02:28,410 [WARN] DbFile:35 - Overriding database path with different value: C:\Users\Usewr\.stmcufinder\plugins\mcufinder/ => C:\Users\Usewr\.stmcufinder\plugins\mcufinder
2021-03-18 14:02:28,410 [INFO] DbMcusAds:85 - Set database path to: C:\Users\Usewr\.stmcufinder\plugins\mcufinder//mcu/
2021-03-18 14:02:28,410 [WARN] DbFile:35 - Overriding database path with different value: C:\Users\Usewr\.stmcufinder\plugins\mcufinder/ => C:\Users\Usewr\.stmcufinder\plugins\mcufinder
2021-03-18 14:02:28,410 [INFO] DbMcusDocs:110 - Set database path to: C:\Users\Usewr\.stmcufinder\plugins\mcufinder//mcu/
2021-03-18 14:02:28,411 [WARN] DbFile:35 - Overriding database path with different value: C:\Users\Usewr\.stmcufinder\plugins\mcufinder/ => C:\Users\Usewr\.stmcufinder\plugins\mcufinder
2021-03-18 14:02:28,411 [INFO] DbMcusJson:65 - Set database path to: C:\Users\Usewr\.stmcufinder\plugins\mcufinder//mcu/
2021-03-18 14:02:28,411 [WARN] DbFile:35 - Overriding database path with different value: C:\Users\Usewr\.stmcufinder\plugins\mcufinder/ => C:\Users\Usewr\.stmcufinder\plugins\mcufinder
2021-03-18 14:02:28,411 [INFO] DbBoardsDocs:110 - Set database path to: C:\Users\Usewr\.stmcufinder\plugins\mcufinder//mcu/
2021-03-18 14:02:28,411 [WARN] DbFile:35 - Overriding database path with different value: C:\Users\Usewr\.stmcufinder\plugins\mcufinder/ => C:\Users\Usewr\.stmcufinder\plugins\mcufinder
2021-03-18 14:02:28,411 [INFO] DbBoardsJson:58 - Set database path to: C:\Users\Usewr\.stmcufinder\plugins\mcufinder//mcu/
2021-03-18 14:02:28,411 [WARN] DbFile:35 - Overriding database path with different value: C:\Users\Usewr\.stmcufinder\plugins\mcufinder/ => C:\Users\Usewr\.stmcufinder\plugins\mcufinder
2021-03-18 14:02:28,411 [WARN] DbFile:35 - Overriding database path with different value: C:\Users\Usewr\.stmcufinder\plugins\mcufinder/ => C:\Users\Usewr\.stmcufinder\plugins\mcufinder
2021-03-18 14:02:28,412 [INFO] CrossReferenceDbSqlite:196 - Set database path to: C:\Users\Usewr\.stmcufinder\plugins\mcufinder//mcu/cs/
2021-03-18 14:02:28,412 [WARN] DbFile:35 - Overriding database path with different value: C:\Users\Usewr\.stmcufinder\plugins\mcufinder/ => C:\Users\Usewr\.stmcufinder\plugins\mcufinder
2021-03-18 14:02:28,412 [INFO] DbExamplesSqlite:690 - Set database path to: C:\Users\Usewr\.stmcufinder\plugins\mcufinder//mcu/
2021-03-18 14:02:28,429 [INFO] ApplicationProperties:181 - Using Application install path: C:\ST\STM32CubeIDE_1.6.0\STM32CubeIDE\plugins\com.st.stm32cube.common.mx_6.2.0.202102191602
2021-03-18 14:02:28,430 [INFO] PluginManage:178 - Search for loadable plugins [exclusion list=, ]
2021-03-18 14:02:28,431 [INFO] PluginManage:292 - Check plugin analytics
2021-03-18 14:02:28,626 [INFO] AnalyticsPlugin:233 - Accepted Software Licenses: 
2021-03-18 14:02:28,626 [INFO] AnalyticsPlugin:235 - Accepted CMSIS Pack Licenses: 
2021-03-18 14:02:28,626 [INFO] AnalyticsPlugin:237 - Accepted Firmware Licenses: 
2021-03-18 14:02:28,627 [INFO] PluginManage:342 - Loaded plugin analytics (category:tool,tabindex:-1)
2021-03-18 14:02:28,627 [INFO] PluginManage:292 - Check plugin clock
2021-03-18 14:02:28,670 [INFO] PluginManage:342 - Loaded plugin clock (category:base,tabindex:2)
2021-03-18 14:02:28,671 [INFO] PluginManage:292 - Check plugin ddr
2021-03-18 14:02:28,673 [INFO] PluginManage:342 - Loaded plugin ddr (category:tool,tabindex:6)
2021-03-18 14:02:28,674 [INFO] PluginManage:292 - Check plugin filemanager
2021-03-18 14:02:28,803 [INFO] PluginManage:342 - Loaded plugin filemanager (category:base,tabindex:10)
2021-03-18 14:02:28,803 [INFO] PluginManage:292 - Check plugin ipmanager
2021-03-18 14:02:28,811 [INFO] PluginManage:342 - Loaded plugin ipmanager (category:base,tabindex:5)
2021-03-18 14:02:28,811 [INFO] PluginManage:292 - Check plugin pinoutandconfiguration
2021-03-18 14:02:28,822 [INFO] PluginManage:342 - Loaded plugin pinoutandconfiguration (category:base,tabindex:1)
2021-03-18 14:02:28,822 [INFO] PluginManage:292 - Check plugin pinoutconfig
2021-03-18 14:02:28,849 [INFO] PluginManage:342 - Loaded plugin pinoutconfig (category:base,tabindex:0)
2021-03-18 14:02:28,850 [INFO] PluginManage:292 - Check plugin power
2021-03-18 14:02:28,863 [INFO] PluginManage:342 - Loaded plugin power (category:power,tabindex:4)
2021-03-18 14:02:28,863 [INFO] PluginManage:292 - Check plugin projectmanager
2021-03-18 14:02:28,887 [INFO] PluginManage:342 - Loaded plugin projectmanager (category:projectmanager,tabindex:3)
2021-03-18 14:02:28,887 [INFO] PluginManage:292 - Check plugin thirdparty
2021-03-18 14:02:29,006 [INFO] PluginManage:342 - Loaded plugin thirdparty (category:base,tabindex:-1)
2021-03-18 14:02:29,006 [WARN] IntegrityCheckThread:59 - waiting for thirdparty lock release [integrity check]
2021-03-18 14:02:29,006 [INFO] PluginManage:292 - Check plugin tools
2021-03-18 14:02:29,007 [INFO] IntegrityCheckThread:61 - entering critical section [integrity check]
2021-03-18 14:02:29,007 [INFO] ThirdPartyUpdaterWithRetryManager:56 - Updater plugin not ready yet. [1/15]
2021-03-18 14:02:29,009 [INFO] PluginManage:342 - Loaded plugin tools (category:base,tabindex:7)
2021-03-18 14:02:29,009 [INFO] PluginManage:292 - Check plugin tutovideos
2021-03-18 14:02:29,324 [INFO] PluginManage:342 - Loaded plugin tutovideos (category:base,tabindex:-1)
2021-03-18 14:02:29,324 [INFO] PluginManage:292 - Check plugin updater
2021-03-18 14:02:29,339 [INFO] PluginManage:342 - Loaded plugin updater (category:base,tabindex:12)
2021-03-18 14:02:29,339 [INFO] PluginManage:265 - PluginManage : Loaded plugins [13]
2021-03-18 14:02:29,506 [INFO] PinOutPanel:1435 - setPackage(No Configuration,No Configuration)
2021-03-18 14:02:29,591 [INFO] IPUIPlugin:64 - create IPUIPlugin
2021-03-18 14:02:29,591 [INFO] PluginManager:203 - loadIPPluginJar : add adc
2021-03-18 14:02:29,594 [INFO] IPUIPlugin:64 - create IPUIPlugin
2021-03-18 14:02:29,594 [INFO] PluginManager:203 - loadIPPluginJar : add aes
2021-03-18 14:02:29,597 [INFO] IPUIPlugin:64 - create IPUIPlugin
2021-03-18 14:02:29,597 [INFO] PluginManager:203 - loadIPPluginJar : add can
2021-03-18 14:02:29,599 [INFO] IPUIPlugin:64 - create IPUIPlugin
2021-03-18 14:02:29,599 [INFO] PluginManager:203 - loadIPPluginJar : add comp
2021-03-18 14:02:29,602 [INFO] IPUIPlugin:64 - create IPUIPlugin
2021-03-18 14:02:29,602 [INFO] PluginManager:203 - loadIPPluginJar : add cryp
2021-03-18 14:02:29,605 [INFO] IPUIPlugin:64 - create IPUIPlugin
2021-03-18 14:02:29,605 [INFO] PluginManager:203 - loadIPPluginJar : add dfsdm
2021-03-18 14:02:29,611 [INFO] IPUIPlugin:64 - create IPUIPlugin
2021-03-18 14:02:29,612 [INFO] PluginManager:203 - loadIPPluginJar : add dma
2021-03-18 14:02:29,613 [INFO] IPUIPlugin:64 - create IPUIPlugin
2021-03-18 14:02:29,613 [INFO] PluginManager:203 - loadIPPluginJar : add fatfs
2021-03-18 14:02:29,618 [INFO] IPUIPlugin:64 - create IPUIPlugin
2021-03-18 14:02:29,618 [INFO] PluginManager:203 - loadIPPluginJar : add fmc
2021-03-18 14:02:29,625 [INFO] IPUIPlugin:64 - create IPUIPlugin
2021-03-18 14:02:29,625 [INFO] PluginManager:203 - loadIPPluginJar : add freertos
2021-03-18 14:02:29,627 [INFO] IPUIPlugin:64 - create IPUIPlugin
2021-03-18 14:02:29,627 [INFO] PluginManager:203 - loadIPPluginJar : add genericplugin
2021-03-18 14:02:29,630 [INFO] IPUIPlugin:64 - create IPUIPlugin
2021-03-18 14:02:29,630 [INFO] PluginManager:203 - loadIPPluginJar : add gfxmmu
2021-03-18 14:02:29,636 [INFO] IPUIPlugin:64 - create IPUIPlugin
2021-03-18 14:02:29,636 [INFO] PluginManager:203 - loadIPPluginJar : add gic
2021-03-18 14:02:29,641 [INFO] IPUIPlugin:64 - create IPUIPlugin
2021-03-18 14:02:29,641 [INFO] PluginManager:203 - loadIPPluginJar : add gpio
2021-03-18 14:02:29,645 [INFO] IPUIPlugin:64 - create IPUIPlugin
2021-03-18 14:02:29,645 [INFO] PluginManager:203 - loadIPPluginJar : add gtzc
2021-03-18 14:02:29,647 [INFO] IPUIPlugin:64 - create IPUIPlugin
2021-03-18 14:02:29,647 [INFO] PluginManager:203 - loadIPPluginJar : add hash
2021-03-18 14:02:29,650 [INFO] IPUIPlugin:64 - create IPUIPlugin
2021-03-18 14:02:29,650 [INFO] PluginManager:203 - loadIPPluginJar : add i2c
2021-03-18 14:02:29,653 [INFO] IPUIPlugin:64 - create IPUIPlugin
2021-03-18 14:02:29,653 [INFO] PluginManager:203 - loadIPPluginJar : add i2s
2021-03-18 14:02:29,657 [INFO] IPUIPlugin:64 - create IPUIPlugin
2021-03-18 14:02:29,657 [INFO] PluginManager:203 - loadIPPluginJar : add ipddr
2021-03-18 14:02:29,660 [INFO] IPUIPlugin:64 - create IPUIPlugin
2021-03-18 14:02:29,660 [INFO] PluginManager:203 - loadIPPluginJar : add lorawan
2021-03-18 14:02:29,662 [INFO] IPUIPlugin:64 - create IPUIPlugin
2021-03-18 14:02:29,662 [INFO] PluginManager:203 - loadIPPluginJar : add ltdc
2021-03-18 14:02:29,667 [INFO] IPUIPlugin:64 - create IPUIPlugin
2021-03-18 14:02:29,667 [INFO] PluginManager:203 - loadIPPluginJar : add mdma
2021-03-18 14:02:29,672 [INFO] IPUIPlugin:64 - create IPUIPlugin
2021-03-18 14:02:29,672 [INFO] PluginManager:203 - loadIPPluginJar : add nvic
2021-03-18 14:02:29,676 [INFO] IPUIPlugin:64 - create IPUIPlugin
2021-03-18 14:02:29,676 [INFO] PluginManager:203 - loadIPPluginJar : add opamp
2021-03-18 14:02:29,679 [INFO] IPUIPlugin:64 - create IPUIPlugin
2021-03-18 14:02:29,679 [INFO] PluginManager:203 - loadIPPluginJar : add openamp
2021-03-18 14:02:29,682 [INFO] IPUIPlugin:64 - create IPUIPlugin
2021-03-18 14:02:29,682 [INFO] PluginManager:203 - loadIPPluginJar : add pdm2pcm
2021-03-18 14:02:29,690 [INFO] IPUIPlugin:64 - create IPUIPlugin
2021-03-18 14:02:29,692 [INFO] PluginManager:203 - loadIPPluginJar : add plateformsettings
2021-03-18 14:02:29,694 [INFO] IPUIPlugin:64 - create IPUIPlugin
2021-03-18 14:02:29,694 [INFO] PluginManager:203 - loadIPPluginJar : add quadspi
2021-03-18 14:02:29,699 [INFO] IPUIPlugin:64 - create IPUIPlugin
2021-03-18 14:02:29,699 [INFO] PluginManager:203 - loadIPPluginJar : add resmgrutility
2021-03-18 14:02:29,702 [INFO] IPUIPlugin:64 - create IPUIPlugin
2021-03-18 14:02:29,702 [INFO] PluginManager:203 - loadIPPluginJar : add sai
2021-03-18 14:02:29,705 [INFO] IPUIPlugin:64 - create IPUIPlugin
2021-03-18 14:02:29,705 [INFO] PluginManager:203 - loadIPPluginJar : add spi
2021-03-18 14:02:29,709 [INFO] IPUIPlugin:64 - create IPUIPlugin
2021-03-18 14:02:29,709 [INFO] PluginManager:203 - loadIPPluginJar : add stm32_wpan
2021-03-18 14:02:29,711 [INFO] IPUIPlugin:64 - create IPUIPlugin
2021-03-18 14:02:29,711 [INFO] PluginManager:203 - loadIPPluginJar : add tim
2021-03-18 14:02:29,715 [INFO] IPUIPlugin:64 - create IPUIPlugin
2021-03-18 14:02:29,715 [INFO] PluginManager:203 - loadIPPluginJar : add touchsensing
2021-03-18 14:02:29,717 [INFO] IPUIPlugin:64 - create IPUIPlugin
2021-03-18 14:02:29,717 [INFO] PluginManager:203 - loadIPPluginJar : add tracer_emb
2021-03-18 14:02:29,719 [INFO] IPUIPlugin:64 - create IPUIPlugin
2021-03-18 14:02:29,719 [INFO] PluginManager:203 - loadIPPluginJar : add ts
2021-03-18 14:02:29,720 [INFO] IPUIPlugin:64 - create IPUIPlugin
2021-03-18 14:02:29,721 [INFO] PluginManager:203 - loadIPPluginJar : add tsc
2021-03-18 14:02:29,722 [INFO] IPUIPlugin:64 - create IPUIPlugin
2021-03-18 14:02:29,722 [INFO] PluginManager:203 - loadIPPluginJar : add ucpd
2021-03-18 14:02:29,725 [INFO] IPUIPlugin:64 - create IPUIPlugin
2021-03-18 14:02:29,725 [INFO] PluginManager:203 - loadIPPluginJar : add usart
2021-03-18 14:02:29,991 [FATAL] Updater:284 - Updater called before beeing initialized
2021-03-18 14:02:30,081 [FATAL] Updater:284 - Updater called before beeing initialized
2021-03-18 14:02:30,086 [INFO] DbMcusAds:132 - JSON generation date=Thu Feb 11 20:25:24 IST 2021 (1613055324029)
2021-03-18 14:02:30,086 [FATAL] Updater:284 - Updater called before beeing initialized
2021-03-18 14:02:30,121 [WARN] DetailPanel:315 - Failed to get advertising image, set to default
2021-03-18 14:02:30,354 [FATAL] Updater:284 - Updater called before beeing initialized
2021-03-18 14:02:30,356 [FATAL] Updater:284 - Updater called before beeing initialized
2021-03-18 14:02:30,357 [FATAL] Updater:284 - Updater called before beeing initialized
2021-03-18 14:02:30,357 [WARN] DetailPanel:315 - Failed to get advertising image, set to default
2021-03-18 14:02:30,358 [FATAL] Updater:284 - Updater called before beeing initialized
2021-03-18 14:02:30,400 [FATAL] Updater:284 - Updater called before beeing initialized
2021-03-18 14:02:30,400 [WARN] ThirdParty:796 - waiting for thirdparty lock release [close project]
2021-03-18 14:02:32,007 [INFO] ThirdPartyUpdaterWithRetryManager:56 - Updater plugin not ready yet. [2/15]
2021-03-18 14:02:35,007 [FATAL] Updater:284 - Updater called before beeing initialized
2021-03-18 14:02:35,007 [ERROR] AbstractThirdPartyUpdaterManager:153 - class java.lang.Integer cannot be cast to class java.util.List (java.lang.Integer and java.util.List are in module java.base of loader 'bootstrap')
2021-03-18 14:02:35,007 [INFO] ThirdParty:900 - Integrity check success = false
2021-03-18 14:02:35,008 [INFO] IntegrityCheckThread:75 - exiting critical section [integrity check]
2021-03-18 14:02:35,008 [INFO] IntegrityCheckThread:78 - End integrity checks thread
2021-03-18 14:02:35,008 [INFO] ThirdParty:798 - entering critical section [close project]
2021-03-18 14:02:35,009 [INFO] ThirdParty:809 - exiting critical section [close project]
2021-03-18 14:02:35,011 [INFO] PinOutPanel:1435 - setPackage(No Configuration,No Configuration)
2021-03-18 14:02:35,012 [FATAL] Updater:284 - Updater called before beeing initialized
2021-03-18 14:02:35,021 [INFO] Updater:1002 - Updater Version found : 6.2.0
2021-03-18 14:02:35,047 [INFO] ApplicationProperties:181 - Using Application install path: C:\ST\STM32CubeIDE_1.6.0\STM32CubeIDE\plugins\com.st.stm32cube.common.mx_6.2.0.202102191602
2021-03-18 14:02:35,080 [INFO] MainUpdater:479 - Copy updater definitions from MX database
2021-03-18 14:02:35,213 [INFO] MainUpdater:512 - Copy flag file definitions from MX database
2021-03-18 14:02:35,220 [INFO] MainUpdater:528 - Copy thirdparty index definitions from MX database
2021-03-18 14:02:35,222 [INFO] MainUpdater:547 - Copy default thirdparty db definitions from MX database
2021-03-18 14:02:35,442 [INFO] MainUpdater:2661 - connection check result : 10
2021-03-18 14:02:35,442 [INFO] MainUpdater:3349 - Updater definition file requires update
2021-03-18 14:02:35,443 [INFO] MainUpdater:255 - Updater Check For Update Now.
2021-03-18 14:02:35,443 [INFO] MicroXplorer:472 - Change Database Version : DB.6.0.20
2021-03-18 14:02:35,690 [INFO] ServerAccessManage:348 - Download File updaters.zip
2021-03-18 14:02:36,327 [INFO] FileExtend:225 - Unzip File : updaters.zip
2021-03-18 14:02:36,328 [INFO] FileExtend:240 - Standard Zip Deflate
2021-03-18 14:02:36,793 [INFO] ServerAccessManage:348 - Download File PacksControlFlags.xml
2021-03-18 14:02:36,999 [INFO] ServerAccessManage:348 - Download File cubemx.pidx
2021-03-18 14:02:37,245 [INFO] ServerAccessManage:348 - Download File STMicroelectronics.X-CUBE-AI.pdsc
2021-03-18 14:02:38,838 [INFO] ServerAccessManage:348 - Download File STMicroelectronics.X-CUBE-BLE1.pdsc
2021-03-18 14:02:40,300 [ERROR] ServerAccessManage:947 - Problem, file not found on Server
2021-03-18 14:02:40,483 [INFO] ServerAccessManage:348 - Download File STMicroelectronics.X-CUBE-BLE2.pdsc
2021-03-18 14:02:41,534 [INFO] ServerAccessManage:348 - Download File STMicroelectronics.X-CUBE-DISPLAY.pdsc
2021-03-18 14:02:41,891 [INFO] ServerAccessManage:348 - Download File STMicroelectronics.X-CUBE-EEPRMA1.pdsc
2021-03-18 14:02:42,253 [INFO] ServerAccessManage:348 - Download File STMicroelectronics.X-CUBE-GNSS1.pdsc
2021-03-18 14:02:43,665 [ERROR] ServerAccessManage:947 - Problem, file not found on Server
2021-03-18 14:02:43,906 [ERROR] ServerAccessManage:947 - Problem, file not found on Server
2021-03-18 14:02:44,112 [ERROR] ServerAccessManage:947 - Problem, file not found on Server
2021-03-18 14:02:44,322 [ERROR] ServerAccessManage:947 - Problem, file not found on Server
2021-03-18 14:02:44,513 [ERROR] ServerAccessManage:947 - Problem, file not found on Server
2021-03-18 14:02:44,704 [ERROR] ServerAccessManage:947 - Problem, file not found on Server
2021-03-18 14:02:44,882 [INFO] ServerAccessManage:348 - Download File STMicroelectronics.X-CUBE-MEMS1.pdsc
2021-03-18 14:02:45,454 [INFO] MainUpdater:2661 - connection check result : 10
2021-03-18 14:02:47,920 [INFO] ServerAccessManage:348 - Download File STMicroelectronics.X-CUBE-NFC4.pdsc
2021-03-18 14:02:49,706 [INFO] ServerAccessManage:348 - Download File STMicroelectronics.X-CUBE-SFXS2LP1.pdsc
2021-03-18 14:02:50,342 [INFO] ServerAccessManage:348 - Download File STMicroelectronics.X-CUBE-SUBG2.pdsc
2021-03-18 14:02:52,017 [INFO] ServerAccessManage:348 - Download File STMicroelectronics.X-CUBE-TOUCHGFX.pdsc
2021-03-18 14:02:53,120 [INFO] ServerAccessManage:348 - Download File STMicroelectronics.X-CUBE-ALGOBUILD.pdsc
2021-03-18 14:02:53,872 [INFO] ServerAccessManage:348 - Download File STMicroelectronics.X-CUBE-AZRTOS-H7.pdsc
